<?xml version="1.0" encoding="UTF-8"?>
<!-- Generated by org.testng.reporters.JUnitReportReporter -->
<testsuite skipped="0" hostname="dotnet07-PC" name="thingblu.TestsCasesManager.ValidSignIn" tests="1" failures="0" timestamp="20 Jun 2018 12:29:16 GMT" time="1.503" errors="0">
  <testcase name="signInWithValidCredentials" time="1.503" classname="thingblu.TestsCasesManager.ValidSignIn"/>
</testsuite> <!-- thingblu.TestsCasesManager.ValidSignIn -->
