<?xml version="1.0" encoding="UTF-8"?>
<!-- Generated by org.testng.reporters.JUnitReportReporter -->
<testsuite skipped="0" hostname="dotnet07-PC" name="thingblu.core.Config" tests="1" failures="0" timestamp="20 Aug 2018 12:38:59 GMT" time="2.627" errors="0">
  <testcase name="teste" time="2.627" classname="thingblu.core.Config"/>
</testsuite> <!-- thingblu.core.Config -->
