<?xml version="1.0" encoding="UTF-8"?>
<!-- Generated by org.testng.reporters.JUnitReportReporter -->
<testsuite skipped="0" hostname="dotnet07-PC" name="thingblu.TestsCasesManager.Mngr_VerifyAddNewStrainType" tests="1" failures="0" timestamp="20 Aug 2018 10:12:52 GMT" time="13.699" errors="0">
  <testcase name="addNewStrainTypeAndValidateStatus" time="13.699" classname="thingblu.TestsCasesManager.Mngr_VerifyAddNewStrainType"/>
</testsuite> <!-- thingblu.TestsCasesManager.Mngr_VerifyAddNewStrainType -->
