<?xml version="1.0" encoding="UTF-8"?>
<!-- Generated by org.testng.reporters.JUnitReportReporter -->
<testsuite skipped="0" hostname="dotnet07-PC" name="thingblu.TestsCasesManager.CompleteTask" tests="1" failures="0" timestamp="12 Jul 2018 17:21:38 GMT" time="9.429" errors="0">
  <testcase name="getStatusTablist" time="9.429" classname="thingblu.TestsCasesManager.CompleteTask"/>
</testsuite> <!-- thingblu.TestsCasesManager.CompleteTask -->
