<?xml version="1.0" encoding="UTF-8"?>
<!-- Generated by org.testng.reporters.JUnitReportReporter -->
<testsuite skipped="0" hostname="dotnet07-PC" name="thingblu.TestsCasesManager.Mngr_AddNewLotEntry" tests="1" failures="0" timestamp="30 Aug 2018 05:09:16 GMT" time="14.527" errors="0">
  <testcase name="verifyLotEntry" time="14.527" classname="thingblu.TestsCasesManager.Mngr_AddNewLotEntry"/>
</testsuite> <!-- thingblu.TestsCasesManager.Mngr_AddNewLotEntry -->
