<?xml version="1.0" encoding="UTF-8"?>
<!-- Generated by org.testng.reporters.JUnitReportReporter -->
<testsuite skipped="0" hostname="dotnet07-PC" name="thingblu.utility.DBConnect" tests="1" failures="0" timestamp="19 Jun 2018 07:00:13 GMT" time="0.482" errors="0">
  <testcase name="test" time="0.482" classname="thingblu.utility.DBConnect"/>
</testsuite> <!-- thingblu.utility.DBConnect -->
