<?xml version="1.0" encoding="UTF-8"?>
<!-- Generated by org.testng.reporters.JUnitReportReporter -->
<testsuite skipped="0" hostname="dotnet07-PC" name="thingblu.TestsCasesManager.ValidSignIn" tests="1" failures="0" timestamp="15 Jun 2018 15:34:26 GMT" time="11.578" errors="0">
  <testcase name="signInWithValidCredentials" time="11.578" classname="thingblu.TestsCasesManager.ValidSignIn"/>
</testsuite> <!-- thingblu.TestsCasesManager.ValidSignIn -->
