<?xml version="1.0" encoding="UTF-8"?>
<!-- Generated by org.testng.reporters.JUnitReportReporter -->
<testsuite skipped="0" hostname="dotnet07-PC" name="thingblu.TestsCasesManager.Mngr_VerifyAddNewPackageType" tests="1" failures="0" timestamp="20 Aug 2018 09:13:06 GMT" time="13.893" errors="0">
  <testcase name="addNewPackageTypeAndValidateStatus" time="13.893" classname="thingblu.TestsCasesManager.Mngr_VerifyAddNewPackageType"/>
</testsuite> <!-- thingblu.TestsCasesManager.Mngr_VerifyAddNewPackageType -->
