<?xml version="1.0" encoding="UTF-8"?>
<!-- Generated by org.testng.reporters.JUnitReportReporter -->
<testsuite skipped="0" hostname="dotnet07-PC" name="thingblu.TestsCasesManager.assignTrimmingTask" tests="1" failures="0" timestamp="22 Jun 2018 08:19:07 GMT" time="10.733" errors="0">
  <testcase name="verifyAssignTrimmingTask" time="10.733" classname="thingblu.TestsCasesManager.assignTrimmingTask"/>
</testsuite> <!-- thingblu.TestsCasesManager.assignTrimmingTask -->
