<?xml version="1.0" encoding="UTF-8"?>
<!-- Generated by org.testng.reporters.JUnitReportReporter -->
<testsuite skipped="0" hostname="dotnet07-PC" name="thingblu.utility.DBConnect" tests="1" failures="0" timestamp="29 Jun 2018 12:50:08 GMT" time="0.472" errors="0">
  <testcase name="test" time="0.472" classname="thingblu.utility.DBConnect"/>
</testsuite> <!-- thingblu.utility.DBConnect -->
