<?xml version="1.0" encoding="UTF-8"?>
<!-- Generated by org.testng.reporters.JUnitReportReporter -->
<testsuite skipped="0" hostname="dotnet07-PC" name="thingblu.TestsCasesManager.ReviewTrimmingTask" tests="1" failures="0" timestamp="14 Jul 2018 10:31:04 GMT" time="16.171" errors="0">
  <testcase name="verifyReviewtrimmingTask" time="16.171" classname="thingblu.TestsCasesManager.ReviewTrimmingTask"/>
</testsuite> <!-- thingblu.TestsCasesManager.ReviewTrimmingTask -->
