<?xml version="1.0" encoding="UTF-8"?>
<!-- Generated by org.testng.reporters.JUnitReportReporter -->
<testsuite skipped="0" hostname="dotnet07-PC" name="thingblu.TestsCasesManager.Emp_CompleteSiftingTask" tests="1" failures="0" timestamp="17 Jul 2018 13:33:55 GMT" time="0.267" errors="0">
  <testcase name="verifyCompleteSiftingTask" time="0.267" classname="thingblu.TestsCasesManager.Emp_CompleteSiftingTask"/>
</testsuite> <!-- thingblu.TestsCasesManager.Emp_CompleteSiftingTask -->
