<?xml version="1.0" encoding="UTF-8"?>
<!-- Generated by org.testng.reporters.JUnitReportReporter -->
<testsuite skipped="0" hostname="dotnet07-PC" name="thingblu.utility.DBConnect" tests="1" failures="0" timestamp="09 Jul 2018 12:08:15 GMT" time="0.502" errors="0">
  <testcase name="getDataFromDataBase" time="0.502" classname="thingblu.utility.DBConnect"/>
</testsuite> <!-- thingblu.utility.DBConnect -->
