<?xml version="1.0" encoding="UTF-8"?>
<!-- Generated by org.testng.reporters.JUnitReportReporter -->
<testsuite skipped="0" hostname="dotnet07-PC" name="thingblu.TestsCasesManager.Emp_CompleteTrimmingTask" tests="1" failures="0" timestamp="17 Jul 2018 12:31:29 GMT" time="9.544" errors="0">
  <testcase name="verifyCompleteTrimmingTask" time="9.544" classname="thingblu.TestsCasesManager.Emp_CompleteTrimmingTask"/>
</testsuite> <!-- thingblu.TestsCasesManager.Emp_CompleteTrimmingTask -->
