<?xml version="1.0" encoding="UTF-8"?>
<!-- Generated by org.testng.reporters.JUnitReportReporter -->
<testsuite skipped="0" hostname="dotnet07-PC" name="thingblu.TestsCasesManager.AssignABudPackagingBrandingTask" tests="1" failures="0" timestamp="30 Jun 2018 08:18:19 GMT" time="19.750" errors="0">
  <testcase name="verifyAssignGrindingTask" time="19.750" classname="thingblu.TestsCasesManager.AssignABudPackagingBrandingTask"/>
</testsuite> <!-- thingblu.TestsCasesManager.AssignABudPackagingBrandingTask -->
