<?xml version="1.0" encoding="UTF-8"?>
<!-- Generated by org.testng.reporters.JUnitReportReporter -->
<testsuite skipped="0" hostname="dotnet07-PC" name="thingblu.TestsCasesManager.ValidLotEntry" tests="1" failures="0" timestamp="09 Jul 2018 12:16:15 GMT" time="4.381" errors="0">
  <testcase name="verifyLotEntry" time="4.381" classname="thingblu.TestsCasesManager.ValidLotEntry"/>
</testsuite> <!-- thingblu.TestsCasesManager.ValidLotEntry -->
