<?xml version="1.0" encoding="UTF-8"?>
<!-- Generated by org.testng.reporters.JUnitReportReporter -->
<testsuite skipped="0" hostname="dotnet07-PC" name="thingblu.TestsCasesManager.ValidSignIn" tests="1" failures="0" timestamp="22 Jun 2018 07:01:23 GMT" time="7.949" errors="0">
  <testcase name="signInWithValidCredentials" time="7.949" classname="thingblu.TestsCasesManager.ValidSignIn"/>
</testsuite> <!-- thingblu.TestsCasesManager.ValidSignIn -->
